<?xml version="1.0" encoding="UTF-8" ?>
<testsuite failures="0" time="0.05" errors="0" skipped="0" tests="1" name="org.apache.commons.vfs2.test.FileSystemManagerFactoryTestCase">
  <properties>
    <property name="java.runtime.name" value="Java(TM) SE Runtime Environment"/>
    <property name="sun.boot.library.path" value="/System/Library/Java/JavaVirtualMachines/1.6.0.jdk/Contents/Libraries"/>
    <property name="java.vm.version" value="20.4-b02-402"/>
    <property name="awt.nativeDoubleBuffering" value="true"/>
    <property name="gopherProxySet" value="false"/>
    <property name="mrj.build" value="11M3527"/>
    <property name="java.vm.vendor" value="Apple Inc."/>
    <property name="java.vendor.url" value="http://www.apple.com/"/>
    <property name="path.separator" value=":"/>
    <property name="java.vm.name" value="Java HotSpot(TM) 64-Bit Server VM"/>
    <property name="file.encoding.pkg" value="sun.io"/>
    <property name="user.country" value="US"/>
    <property name="sun.java.launcher" value="SUN_STANDARD"/>
    <property name="sun.os.patch.level" value="unknown"/>
    <property name="java.vm.specification.name" value="Java Virtual Machine Specification"/>
    <property name="user.dir" value="/Users/richarde/dev/sources/maven_repo/scripts/commons-vfs2-project/core"/>
    <property name="java.runtime.version" value="1.6.0_29-b11-402-11M3527"/>
    <property name="java.awt.graphicsenv" value="apple.awt.CGraphicsEnvironment"/>
    <property name="basedir" value="/Users/richarde/dev/sources/maven_repo/scripts/commons-vfs2-project/core"/>
    <property name="java.endorsed.dirs" value="/System/Library/Java/JavaVirtualMachines/1.6.0.jdk/Contents/Home/lib/endorsed"/>
    <property name="os.arch" value="x86_64"/>
    <property name="surefire.real.class.path" value="/Users/richarde/dev/sources/maven_repo/scripts/commons-vfs2-project/core/target/surefire/surefirebooter5512930595105008624.jar"/>
    <property name="java.io.tmpdir" value="/var/folders/tk/t04p2v593rn7cvv7d4dkr4zm0000gp/T/"/>
    <property name="line.separator" value="
"/>
    <property name="java.vm.specification.vendor" value="Sun Microsystems Inc."/>
    <property name="os.name" value="Mac OS X"/>
    <property name="sun.jnu.encoding" value="MacRoman"/>
    <property name="java.library.path" value=".:/Library/Java/Extensions:/System/Library/Java/Extensions:/usr/lib/java"/>
    <property name="surefire.test.class.path" value="/Users/richarde/dev/sources/maven_repo/scripts/commons-vfs2-project/core/target/test-classes:/Users/richarde/dev/sources/maven_repo/scripts/commons-vfs2-project/core/target/classes:/Users/richarde/.m2/repository/commons-logging/commons-logging/1.1.1/commons-logging-1.1.1.jar:/Users/richarde/.m2/repository/ant/ant/1.6.2/ant-1.6.2.jar:/Users/richarde/.m2/repository/commons-net/commons-net/2.2/commons-net-2.2.jar:/Users/richarde/.m2/repository/org/apache/commons/commons-compress/1.1/commons-compress-1.1.jar:/Users/richarde/.m2/repository/commons-collections/commons-collections/3.1/commons-collections-3.1.jar:/Users/richarde/.m2/repository/commons-httpclient/commons-httpclient/3.1/commons-httpclient-3.1.jar:/Users/richarde/.m2/repository/commons-codec/commons-codec/1.2/commons-codec-1.2.jar:/Users/richarde/.m2/repository/org/apache/jackrabbit/jackrabbit-webdav/1.5.2/jackrabbit-webdav-1.5.2.jar:/Users/richarde/.m2/repository/org/apache/jackrabbit/jackrabbit-jcr-commons/1.5.2/jackrabbit-jcr-commons-1.5.2.jar:/Users/richarde/.m2/repository/org/slf4j/slf4j-api/1.5.3/slf4j-api-1.5.3.jar:/Users/richarde/.m2/repository/com/jcraft/jsch/0.1.42/jsch-0.1.42.jar:/Users/richarde/.m2/repository/junit/junit/4.8.2/junit-4.8.2.jar:/Users/richarde/.m2/repository/org/apache/maven/scm/maven-scm-api/1.4/maven-scm-api-1.4.jar:/Users/richarde/.m2/repository/org/codehaus/plexus/plexus-utils/1.5.6/plexus-utils-1.5.6.jar:/Users/richarde/.m2/repository/org/apache/maven/scm/maven-scm-provider-svnexe/1.4/maven-scm-provider-svnexe-1.4.jar:/Users/richarde/.m2/repository/org/apache/maven/scm/maven-scm-provider-svn-commons/1.4/maven-scm-provider-svn-commons-1.4.jar:/Users/richarde/.m2/repository/regexp/regexp/1.3/regexp-1.3.jar:"/>
    <property name="java.specification.name" value="Java Platform API Specification"/>
    <property name="java.class.version" value="50.0"/>
    <property name="sun.management.compiler" value="HotSpot 64-Bit Tiered Compilers"/>
    <property name="os.version" value="10.7.2"/>
    <property name="http.nonProxyHosts" value="local|*.local|169.254/16|*.169.254/16"/>
    <property name="user.home" value="/Users/richarde"/>
    <property name="user.timezone" value="Europe/Zurich"/>
    <property name="java.awt.printerjob" value="apple.awt.CPrinterJob"/>
    <property name="java.specification.version" value="1.6"/>
    <property name="file.encoding" value="MacRoman"/>
    <property name="user.name" value="richarde"/>
    <property name="java.class.path" value="/Users/richarde/dev/sources/maven_repo/scripts/commons-vfs2-project/core/target/test-classes:/Users/richarde/dev/sources/maven_repo/scripts/commons-vfs2-project/core/target/classes:/Users/richarde/.m2/repository/commons-logging/commons-logging/1.1.1/commons-logging-1.1.1.jar:/Users/richarde/.m2/repository/ant/ant/1.6.2/ant-1.6.2.jar:/Users/richarde/.m2/repository/commons-net/commons-net/2.2/commons-net-2.2.jar:/Users/richarde/.m2/repository/org/apache/commons/commons-compress/1.1/commons-compress-1.1.jar:/Users/richarde/.m2/repository/commons-collections/commons-collections/3.1/commons-collections-3.1.jar:/Users/richarde/.m2/repository/commons-httpclient/commons-httpclient/3.1/commons-httpclient-3.1.jar:/Users/richarde/.m2/repository/commons-codec/commons-codec/1.2/commons-codec-1.2.jar:/Users/richarde/.m2/repository/org/apache/jackrabbit/jackrabbit-webdav/1.5.2/jackrabbit-webdav-1.5.2.jar:/Users/richarde/.m2/repository/org/apache/jackrabbit/jackrabbit-jcr-commons/1.5.2/jackrabbit-jcr-commons-1.5.2.jar:/Users/richarde/.m2/repository/org/slf4j/slf4j-api/1.5.3/slf4j-api-1.5.3.jar:/Users/richarde/.m2/repository/com/jcraft/jsch/0.1.42/jsch-0.1.42.jar:/Users/richarde/.m2/repository/junit/junit/4.8.2/junit-4.8.2.jar:/Users/richarde/.m2/repository/org/apache/maven/scm/maven-scm-api/1.4/maven-scm-api-1.4.jar:/Users/richarde/.m2/repository/org/codehaus/plexus/plexus-utils/1.5.6/plexus-utils-1.5.6.jar:/Users/richarde/.m2/repository/org/apache/maven/scm/maven-scm-provider-svnexe/1.4/maven-scm-provider-svnexe-1.4.jar:/Users/richarde/.m2/repository/org/apache/maven/scm/maven-scm-provider-svn-commons/1.4/maven-scm-provider-svn-commons-1.4.jar:/Users/richarde/.m2/repository/regexp/regexp/1.3/regexp-1.3.jar:"/>
    <property name="java.vm.specification.version" value="1.0"/>
    <property name="sun.arch.data.model" value="64"/>
    <property name="java.home" value="/System/Library/Java/JavaVirtualMachines/1.6.0.jdk/Contents/Home"/>
    <property name="sun.java.command" value="/Users/richarde/dev/sources/maven_repo/scripts/commons-vfs2-project/core/target/surefire/surefirebooter5512930595105008624.jar /Users/richarde/dev/sources/maven_repo/scripts/commons-vfs2-project/core/target/surefire/surefire1469714078193285663tmp /Users/richarde/dev/sources/maven_repo/scripts/commons-vfs2-project/core/target/surefire/surefire5538122063288743116tmp"/>
    <property name="java.specification.vendor" value="Sun Microsystems Inc."/>
    <property name="user.language" value="en"/>
    <property name="test.basedir" value="target/test-classes/test-data"/>
    <property name="awt.toolkit" value="apple.awt.CToolkit"/>
    <property name="java.vm.info" value="mixed mode"/>
    <property name="java.version" value="1.6.0_29"/>
    <property name="java.ext.dirs" value="/Library/Java/Extensions:/System/Library/Java/Extensions:/System/Library/Java/JavaVirtualMachines/1.6.0.jdk/Contents/Home/lib/ext"/>
    <property name="sun.boot.class.path" value="/System/Library/Java/JavaVirtualMachines/1.6.0.jdk/Contents/Classes/jsfd.jar:/System/Library/Java/JavaVirtualMachines/1.6.0.jdk/Contents/Classes/classes.jar:/System/Library/Frameworks/JavaVM.framework/Frameworks/JavaRuntimeSupport.framework/Resources/Java/JavaRuntimeSupport.jar:/System/Library/Java/JavaVirtualMachines/1.6.0.jdk/Contents/Classes/ui.jar:/System/Library/Java/JavaVirtualMachines/1.6.0.jdk/Contents/Classes/laf.jar:/System/Library/Java/JavaVirtualMachines/1.6.0.jdk/Contents/Classes/sunrsasign.jar:/System/Library/Java/JavaVirtualMachines/1.6.0.jdk/Contents/Classes/jsse.jar:/System/Library/Java/JavaVirtualMachines/1.6.0.jdk/Contents/Classes/jce.jar:/System/Library/Java/JavaVirtualMachines/1.6.0.jdk/Contents/Classes/charsets.jar"/>
    <property name="test.basedir.res" value="test-data"/>
    <property name="java.vendor" value="Apple Inc."/>
    <property name="localRepository" value="/Users/richarde/.m2/repository"/>
    <property name="file.separator" value="/"/>
    <property name="java.vendor.url.bug" value="http://bugreport.apple.com/"/>
    <property name="sun.cpu.endian" value="little"/>
    <property name="sun.io.unicode.encoding" value="UnicodeLittle"/>
    <property name="mrj.version" value="1070.1.6.0_29-402"/>
    <property name="socksNonProxyHosts" value="local|*.local|169.254/16|*.169.254/16"/>
    <property name="ftp.nonProxyHosts" value="local|*.local|169.254/16|*.169.254/16"/>
    <property name="sun.cpu.isalist" value=""/>
  </properties>
  <testcase time="0.049" classname="org.apache.commons.vfs2.test.FileSystemManagerFactoryTestCase" name="testDefaultInstance"/>
</testsuite>